<?xml version="1.0" encoding="UTF-8"?>
<!-- Generated by org.testng.reporters.JUnitReportReporter -->
<testsuite hostname="DESKTOP-VRNHETT" failures="0" tests="1" name="TestNG.CreateAccount_testcases" time="215.110" errors="0" timestamp="2021-12-30T20:34:28 IST" skipped="0">
  <testcase classname="TestNG.CreateAccount_testcases" name="createAccount" time="215.110"/>
  <system-out/>
</testsuite> <!-- TestNG.CreateAccount_testcases -->
